2014-03-07T13:19:13+00:00 ERR (3): 
exception 'Mage_Core_Exception' with message 'Invalid webservice adapter specified.' in /var/www/giftcoupon/app/Mage.php:594
Stack trace:
#0 /var/www/giftcoupon/app/code/core/Mage/Api/Model/Server.php(127): Mage::throwException('Invalid webserv...')
#1 /var/www/giftcoupon/api.php(78): Mage_Api_Model_Server->initialize(NULL)
#2 {main}
2014-03-07T13:27:10+00:00 ERR (3): 
exception 'Mage_Core_Exception' with message 'Invalid webservice adapter specified.' in /var/www/giftcoupon/app/Mage.php:594
Stack trace:
#0 /var/www/giftcoupon/app/code/core/Mage/Api/Model/Server.php(127): Mage::throwException('Invalid webserv...')
#1 /var/www/giftcoupon/api.php(78): Mage_Api_Model_Server->initialize(NULL)
#2 {main}
2014-03-07T13:30:11+00:00 ERR (3): 
exception 'Mage_Core_Exception' with message 'Invalid webservice adapter specified.' in /var/www/giftcoupon/app/Mage.php:594
Stack trace:
#0 /var/www/giftcoupon/app/code/core/Mage/Api/Model/Server.php(127): Mage::throwException('Invalid webserv...')
#1 /var/www/giftcoupon/api.php(78): Mage_Api_Model_Server->initialize(NULL)
#2 {main}
2014-03-07T13:33:47+00:00 ERR (3): 
exception 'Mage_Core_Exception' with message 'Invalid webservice adapter specified.' in /var/www/giftcoupon/app/Mage.php:594
Stack trace:
#0 /var/www/giftcoupon/app/code/core/Mage/Api/Model/Server.php(127): Mage::throwException('Invalid webserv...')
#1 /var/www/giftcoupon/api.php(78): Mage_Api_Model_Server->initialize(NULL)
#2 {main}
2014-03-07T13:36:19+00:00 ERR (3): 
exception 'Mage_Core_Exception' with message 'Invalid webservice adapter specified.' in /var/www/giftcoupon/app/Mage.php:594
Stack trace:
#0 /var/www/giftcoupon/app/code/core/Mage/Api/Model/Server.php(127): Mage::throwException('Invalid webserv...')
#1 /var/www/giftcoupon/api.php(78): Mage_Api_Model_Server->initialize(NULL)
#2 {main}
2014-03-07T13:36:53+00:00 ERR (3): 
exception 'Mage_Core_Exception' with message 'Invalid webservice adapter specified.' in /var/www/giftcoupon/app/Mage.php:594
Stack trace:
#0 /var/www/giftcoupon/app/code/core/Mage/Api/Model/Server.php(127): Mage::throwException('Invalid webserv...')
#1 /var/www/giftcoupon/api.php(78): Mage_Api_Model_Server->initialize(NULL)
#2 {main}
2014-03-07T13:37:57+00:00 ERR (3): 
exception 'Mage_Core_Exception' with message 'Invalid webservice adapter specified.' in /var/www/giftcoupon/app/Mage.php:594
Stack trace:
#0 /var/www/giftcoupon/app/code/core/Mage/Api/Model/Server.php(127): Mage::throwException('Invalid webserv...')
#1 /var/www/giftcoupon/api.php(78): Mage_Api_Model_Server->initialize(NULL)
#2 {main}
2014-03-07T13:39:51+00:00 ERR (3): 
exception 'Mage_Core_Exception' with message 'Invalid webservice adapter specified.' in /var/www/giftcoupon/app/Mage.php:594
Stack trace:
#0 /var/www/giftcoupon/app/code/core/Mage/Api/Model/Server.php(127): Mage::throwException('Invalid webserv...')
#1 /var/www/giftcoupon/api.php(78): Mage_Api_Model_Server->initialize(NULL)
#2 {main}
2014-03-07T13:45:30+00:00 ERR (3): 
exception 'Mage_Core_Exception' with message 'Invalid webservice adapter specified.' in /var/www/giftcoupon/app/Mage.php:594
Stack trace:
#0 /var/www/giftcoupon/app/code/core/Mage/Api/Model/Server.php(127): Mage::throwException('Invalid webserv...')
#1 /var/www/giftcoupon/api.php(78): Mage_Api_Model_Server->initialize(NULL)
#2 {main}
2014-03-07T13:49:32+00:00 ERR (3): 
exception 'Mage_Core_Exception' with message 'Invalid webservice adapter specified.' in /var/www/giftcoupon/app/Mage.php:594
Stack trace:
#0 /var/www/giftcoupon/app/code/core/Mage/Api/Model/Server.php(127): Mage::throwException('Invalid webserv...')
#1 /var/www/giftcoupon/api.php(78): Mage_Api_Model_Server->initialize(NULL)
#2 {main}
2014-03-07T14:09:19+00:00 ERR (3): 
exception 'Mage_Core_Exception' with message 'Invalid webservice adapter specified.' in /var/www/giftcoupon/app/Mage.php:594
Stack trace:
#0 /var/www/giftcoupon/app/code/core/Mage/Api/Model/Server.php(127): Mage::throwException('Invalid webserv...')
#1 /var/www/giftcoupon/api.php(78): Mage_Api_Model_Server->initialize(NULL)
#2 {main}
2014-03-07T14:09:48+00:00 ERR (3): 
exception 'Mage_Core_Exception' with message 'Invalid webservice adapter specified.' in /var/www/giftcoupon/app/Mage.php:594
Stack trace:
#0 /var/www/giftcoupon/app/code/core/Mage/Api/Model/Server.php(127): Mage::throwException('Invalid webserv...')
#1 /var/www/giftcoupon/api.php(78): Mage_Api_Model_Server->initialize(NULL)
#2 {main}
2014-03-07T14:10:22+00:00 ERR (3): 
exception 'Mage_Core_Exception' with message 'Invalid webservice adapter specified.' in /var/www/giftcoupon/app/Mage.php:594
Stack trace:
#0 /var/www/giftcoupon/app/code/core/Mage/Api/Model/Server.php(127): Mage::throwException('Invalid webserv...')
#1 /var/www/giftcoupon/api.php(78): Mage_Api_Model_Server->initialize(NULL)
#2 {main}
2014-03-07T14:20:25+00:00 ERR (3): 
exception 'Mage_Core_Exception' with message 'Invalid webservice adapter specified.' in /var/www/giftcoupon/app/Mage.php:594
Stack trace:
#0 /var/www/giftcoupon/app/code/core/Mage/Api/Model/Server.php(127): Mage::throwException('Invalid webserv...')
#1 /var/www/giftcoupon/api.php(78): Mage_Api_Model_Server->initialize(NULL)
#2 {main}
